make all --print-data-base --no-builtin-variables --no-builtin-rules --question
make: *** No rule to make target 'all'.  Stop.
 
# GNU Make 4.2.1
# Built for x86_64-pc-linux-gnu
# Copyright (C) 1988-2016 Free Software Foundation, Inc.
# License GPLv3+: GNU GPL version 3 or later <http://gnu.org/licenses/gpl.html>
# This is free software: you are free to change and redistribute it.
# There is NO WARRANTY, to the extent permitted by law.

# Make data base, printed on Thu Mar 24 10:03:08 2022

# Variables

# 'override' directive
GNUMAKEFLAGS := 
# automatic
<D = $(patsubst %/,%,$(dir $<))
# automatic
?F = $(notdir $?)
# environment
PAPERSIZE = a4
# environment
DESKTOP_SESSION = ubuntu
# default
.SHELLFLAGS := -c
# environment
XDG_SESSION_CLASS = user
# environment
SNAP_COMMON = /var/snap/code/common
# environment
XDG_SESSION_TYPE = x11
# environment
VSCODE_LOG_NATIVE = false
# automatic
?D = $(patsubst %/,%,$(dir $?))
# environment
IM_CONFIG_PHASE = 1
# makefile (from 'Makefile', line 7)
GNU_PREFIX := arm-none-eabi
# automatic
@D = $(patsubst %/,%,$(dir $@))
# environment
XAUTHORITY = /run/user/1001/gdm/Xauthority
# environment
GDMSESSION = ubuntu
# environment
XMODIFIERS = @im=ibus
# makefile
CURDIR := /home/student/Documents/gruppe57/microbitch/2_uart
# makefile
SHELL = /bin/sh
# environment
SNAP_DATA = /var/snap/code/91
# environment
VSCODE_NLS_CONFIG = {"locale":"en-us","availableLanguages":{},"_languagePackSupport":true}
# environment
JOURNAL_STREAM = 8:317967
# makefile (from 'Makefile', line 27)
CFLAGS = -mcpu=cortex-m4 -mthumb -mabi=aapcs -mfloat-abi=soft -ffunction-sections -fdata-sections --short-enums -fno-strict-aliasing -fno-builtin -Wall -Werror -std=gnu99 -DNRF52833_XXAA --specs=nosys.specs -Wl,--gc-sections -T $(LINKER_SCRIPT)
# environment
XDG_CONFIG_DIRS = /etc/xdg/xdg-ubuntu:/etc/xdg
# environment
SNAP_INSTANCE_NAME = code
# environment
SNAP_ARCH = amd64
# makefile (from 'Makefile', line 1)
MAKEFILE_LIST :=  Makefile
# automatic
@F = $(notdir $@)
# environment
GIO_LAUNCHED_DESKTOP_FILE = /var/lib/snapd/desktop/applications/code_code.desktop
# environment
USERNAME = student
# makefile (from 'Makefile', line 31)
SOURCES := gpio.c .build_system/system_nrf52833.c .build_system/gcc_startup_nrf52833.S
# environment
MAKELEVEL := 0
# environment
XDG_DATA_DIRS = /usr/share/ubuntu:/usr/local/share/:/usr/share/:/var/lib/snapd/desktop
# environment
DBUS_SESSION_BUS_ADDRESS = unix:path=/run/user/1001/bus
# environment
VSCODE_VERBOSE_LOGGING = true
# environment
_ = /snap/code/91/usr/share/code/code
# environment
MANAGERPID = 200236
# environment
LESSOPEN = | /usr/bin/lesspipe %s
# environment
LC_NAME = nb_NO.UTF-8
# environment
VSCODE_CWD = /home/student/Downloads
# environment
GSETTINGS_SCHEMA_DIR = /snap/code/91/usr/share/glib-2.0/schemas
# default
MAKE_HOST := x86_64-pc-linux-gnu
# environment
PATH = /home/student/.local/bin:/home/student/.cargo/bin:/home/student/.local/bin:/usr/local/sbin:/usr/local/bin:/usr/sbin:/usr/bin:/sbin:/bin:/usr/games:/usr/local/games:/snap/bin:/usr/local/go/bin:/usr/local/elevator:/usr/local/go/bin:/usr/local/elevator
# environment
GPG_AGENT_INFO = /run/user/1001/gnupg/S.gpg-agent:0:1
# environment
SESSION_MANAGER = local/drift-OptiPlex-7070:@/tmp/.ICE-unix/200833,unix/drift-OptiPlex-7070:/tmp/.ICE-unix/200833
# environment
XDG_RUNTIME_DIR = /run/user/1001
# environment
GDK_PIXBUF_MODULE_FILE = /home/student/snap/code/common/.cache/gdk-pixbuf-loaders.cache
# environment
SNAP = /snap/code/91
# environment
SNAP_VERSION = c722ca6c
# environment
XDG_MENU_PREFIX = gnome-
# environment
VSCODE_LOG_STACK = false
# environment
DISABLE_WAYLAND = 1
# environment
ELECTRON_RUN_AS_NODE = 1
# environment
INVOCATION_ID = 3438a94159804dd4ada86dd6607736c0
# environment
GDK_PIXBUF_MODULEDIR = /snap/code/91/usr/lib/x86_64-linux-gnu/gdk-pixbuf-2.0/2.10.0/loaders
# default
.FEATURES := target-specific order-only second-expansion else-if shortest-stem undefine oneshell archives jobserver output-sync check-symlink load
# environment
LS_COLORS = 
# environment
XDG_SESSION_DESKTOP = ubuntu
# environment
SSH_AUTH_SOCK = /run/user/1001/keyring/ssh
# environment
GIO_LAUNCHED_DESKTOP_FILE_PID = 204452
# automatic
%F = $(notdir $%)
# environment
DISPLAY = :0
# environment
VSCODE_PIPE_LOGGING = true
# environment
SNAP_INSTANCE_KEY = 
# environment
PWD = /home/student/Documents/gruppe57/microbitch/2_uart
# default
.LOADED := 
# environment
SSH_AGENT_PID = 200795
# environment
ORIGINAL_XDG_CURRENT_DESKTOP = ubuntu:GNOME
# environment
GTK_MODULES = gail:atk-bridge
# environment
VSCODE_AMD_ENTRYPOINT = vs/workbench/api/node/extensionHostProcess
# makefile (from 'Makefile', line 12)
QUIET := @
# environment
HOME = /home/student
# environment
LD_LIBRARY_PATH = /opt/google/chrome:/opt/google/chrome/lib
# environment
LESSCLOSE = /usr/bin/lesspipe %s %s
# environment
VSCODE_CLI = 1
# environment
VSCODE_CODE_CACHE_PATH = /home/student/.config/Code/CachedData/c722ca6c7eed3d7987c0d5c3df5c45f6b15e77d1
# environment
LOGNAME = student
# environment
APPLICATION_INSIGHTS_NO_DIAGNOSTIC_CHANNEL = 1
# environment
SNAP_LIBRARY_PATH = /var/lib/snapd/lib/gl:/var/lib/snapd/lib/gl32:/var/lib/snapd/void
# environment
SNAP_CONTEXT = YhPNE_WteWkktHJEKPoPZ2VzV_8-lntFzWtezBoQyFS-QG5TKJ5M
# automatic
+F = $(notdir $+)
# environment
ELECTRON_NO_ATTACH_CONSOLE = 1
# environment
SNAP_USER_COMMON = /home/student/snap/code/common
# environment
VSCODE_HANDLES_UNCAUGHT_ERRORS = true
# environment
GNOME_DESKTOP_SESSION_ID = this-is-deprecated
# automatic
^D = $(patsubst %/,%,$(dir $^))
# environment
LC_TIME = nb_NO.UTF-8
# environment
SNAP_REAL_HOME = /home/student
# default
MAKE = $(MAKE_COMMAND)
# default
MAKECMDGOALS := all
# environment
QT_IM_MODULE = ibus
# environment
SNAP_USER_DATA = /home/student/snap/code/91
# environment
SHLVL = 0
# makefile (from 'Makefile', line 8)
CC := arm-none-eabi-gcc
# environment
GNOME_SHELL_SESSION_MODE = ubuntu
# makefile (from 'Makefile', line 4)
BUILD_DIR := .build_system
# environment
VSCODE_IPC_HOOK_EXTHOST = /run/user/1001/vscode-ipc-1e35a2b4-5529-4ec9-8dcf-4a7c6c40ea6e.sock
# default
MAKE_VERSION := 4.2.1
# environment
USER = student
# environment
SNAP_REVISION = 91
# environment
LC_MONETARY = nb_NO.UTF-8
# makefile
.DEFAULT_GOAL := default
# environment
CHROME_VERSION_EXTRA = stable
# environment
XDG_CURRENT_DESKTOP = Unity
# automatic
%D = $(patsubst %/,%,$(dir $%))
# environment
LC_TELEPHONE = nb_NO.UTF-8
# makefile (from 'Makefile', line 5)
LINKER_SCRIPT := .build_system/linker_script.ld
# default
MAKE_COMMAND := make
# default
.VARIABLES := 
# automatic
*F = $(notdir $*)
# environment
LANGUAGE = en_US:en
# environment
VSCODE_IPC_HOOK = /run/user/1001/vscode-62ee4e9e-1.65.2-main.sock
# environment
BAMF_DESKTOP_FILE_HINT = /var/lib/snapd/desktop/applications/code_code.desktop
# makefile
MAKEFLAGS = pqrR
# environment
MFLAGS = -pqrR
# automatic
*D = $(patsubst %/,%,$(dir $*))
# makefile (from 'Makefile', line 1)
FAMILY := nrf52
# automatic
+D = $(patsubst %/,%,$(dir $+))
# makefile (from 'Makefile', line 10)
OBJDUMP := arm-none-eabi-objdump
# environment
GDK_BACKEND = x11
# environment
LC_PAPER = nb_NO.UTF-8
# environment
LC_IDENTIFICATION = nb_NO.UTF-8
# environment
QT_ACCESSIBILITY = 1
# default
MAKEFILES := 
# environment
CHROME_WRAPPER = /opt/google/chrome/google-chrome
# environment
SNAP_COOKIE = YhPNE_WteWkktHJEKPoPZ2VzV_8-lntFzWtezBoQyFS-QG5TKJ5M
# environment
LC_NUMERIC = nb_NO.UTF-8
# automatic
<F = $(notdir $<)
# environment
LC_MEASUREMENT = nb_NO.UTF-8
# environment
SNAP_NAME = code
# environment
LC_ALL = C
# environment
GJS_DEBUG_TOPICS = JS ERROR;JS LOG
# automatic
^F = $(notdir $^)
# makefile (from 'Makefile', line 9)
OBJCOPY := arm-none-eabi-objcopy
# default
SUFFIXES := 
# environment
SNAP_REEXEC = 
# environment
CHROME_DESKTOP = code-url-handler.desktop
# environment
WINDOWPATH = 2
# default
.INCLUDE_DIRS = /usr/include /usr/local/include /usr/include
# environment
GJS_DEBUG_OUTPUT = stderr
# default
.RECIPEPREFIX := 
# environment
MM_NOTTTY = 1
# environment
LC_ADDRESS = nb_NO.UTF-8
# environment
LANG = C
# environment
VSCODE_PID = 204497
# variable set hash-table stats:
 
# Load=145/1024=14%, Rehash=0, Collisions=24/191=13%

# Pattern-specific Variable Values

# No pattern-specific variable values.

# Directories

# . (device 66308, inode 4851399): 7 files, no impossibilities.

# 7 files, no impossibilities in 1 directories.

# Implicit Rules

# No implicit rules.

# Files

erase:
#  Implicit rule search has not been done.
#  Modification time never checked.
#  File has not been updated.
#  recipe to execute (from 'Makefile', line 46):
	nrfjprog -f $(FAMILY) --eraseall

# Not a target:
all:
#  Command line target.
#  Implicit rule search has been done.
#  File does not exist.
#  File has not been updated.

.PHONY: default flash clean
#  Implicit rule search has not been done.
#  Modification time never checked.
#  File has not been updated.

# Not a target:
Makefile:
#  Implicit rule search has been done.
#  Last modified 2022-03-10 14:31:18
#  File has been updated.
#  Successfully updated.

default:
#  Phony target (prerequisite of .PHONY).
#  Implicit rule search has not been done.
#  File does not exist.
#  File has not been updated.
#  recipe to execute (from 'Makefile', line 36):
	@echo Compiling project
	$(QUIET)$(CC) $(CFLAGS) $(SOURCES) -o $(BUILD_DIR)/main.elf
	@echo Creating hex file
	$(QUIET)$(OBJCOPY) -O ihex $(BUILD_DIR)/main.elf $(BUILD_DIR)/main.hex

# Not a target:
.DEFAULT:
#  Implicit rule search has not been done.
#  Modification time never checked.
#  File has not been updated.

clean:
#  Phony target (prerequisite of .PHONY).
#  Implicit rule search has not been done.
#  File does not exist.
#  File has not been updated.
#  recipe to execute (from 'Makefile', line 49):
	$(QUIET)rm $(BUILD_DIR)/main.{elf,hex}

flash:
#  Phony target (prerequisite of .PHONY).
#  Implicit rule search has not been done.
#  File does not exist.
#  File has not been updated.
#  recipe to execute (from 'Makefile', line 42):
	nrfjprog -f $(FAMILY) --sectorerase --program $(BUILD_DIR)/main.hex
	nrfjprog -f $(FAMILY) --reset

# files hash-table stats:
# Load=9/1024=1%, Rehash=0, Collisions=0/25=0%
# VPATH Search Paths

# No 'vpath' search paths.

# No general ('VPATH' variable) search path.

# strcache buffers: 1 (0) / strings = 17 / storage = 138 B / avg = 8 B
# current buf: size = 8162 B / used = 138 B / count = 17 / avg = 8 B

# strcache performance: lookups = 29 / hit rate = 41%
# hash-table stats:
# Load=17/8192=0%, Rehash=0, Collisions=1/29=3%
# Finished Make data base on Thu Mar 24 10:03:08 2022

 
